2024-09-29 18:49:45  [ main:0 ] - [ INFO ]  成功存入TeamData(teamName=Houston Astros, win=90, lose=72, winRate=0.5555556)
2024-09-29 18:49:45  [ main:5 ] - [ INFO ]  成功存入TeamData(teamName=Texas Rangers, win=90, lose=72, winRate=0.5555556)
2024-09-29 18:49:45  [ main:5 ] - [ INFO ]  成功存入TeamData(teamName=Seattle Mariners, win=88, lose=74, winRate=0.54320985)
2024-09-29 18:49:45  [ main:5 ] - [ INFO ]  成功存入TeamData(teamName=Los Angeles Angels, win=73, lose=89, winRate=0.45061728)
2024-09-29 18:49:45  [ main:5 ] - [ INFO ]  成功存入TeamData(teamName=Oakland Athletics, win=50, lose=112, winRate=0.30864197)
2024-09-29 18:49:45  [ main:6 ] - [ INFO ]  成功存入TeamData(teamName=Minnesota Twins, win=87, lose=75, winRate=0.537037)
2024-09-29 18:49:45  [ main:6 ] - [ INFO ]  成功存入TeamData(teamName=Detroit Tigers, win=78, lose=84, winRate=0.4814815)
2024-09-29 18:49:45  [ main:6 ] - [ INFO ]  成功存入TeamData(teamName=Cleveland Guardians, win=76, lose=86, winRate=0.4691358)
2024-09-29 18:49:45  [ main:6 ] - [ INFO ]  成功存入TeamData(teamName=Chicago White Sox, win=61, lose=101, winRate=0.37654322)
2024-09-29 18:49:45  [ main:7 ] - [ INFO ]  成功存入TeamData(teamName=Kansas City Royals, win=56, lose=106, winRate=0.34567901)
2024-09-29 18:49:45  [ main:7 ] - [ INFO ]  成功存入TeamData(teamName=Baltimore Orioles, win=101, lose=61, winRate=0.6234568)
2024-09-29 18:49:45  [ main:8 ] - [ INFO ]  成功存入TeamData(teamName=Tampa Bay Rays, win=99, lose=63, winRate=0.6111111)
2024-09-29 18:49:45  [ main:8 ] - [ INFO ]  成功存入TeamData(teamName=Toronto Blue Jays, win=89, lose=73, winRate=0.5493827)
2024-09-29 18:49:45  [ main:9 ] - [ INFO ]  成功存入TeamData(teamName=New York Yankees, win=82, lose=80, winRate=0.50617284)
2024-09-29 18:49:45  [ main:9 ] - [ INFO ]  成功存入TeamData(teamName=Boston Red Sox, win=78, lose=84, winRate=0.4814815)
2024-09-29 18:49:45  [ main:9 ] - [ INFO ]  成功存入TeamData(teamName=Los Angeles Dodgers, win=100, lose=62, winRate=0.61728394)
2024-09-29 18:49:45  [ main:10 ] - [ INFO ]  成功存入TeamData(teamName=Arizona Diamondbacks, win=84, lose=78, winRate=0.5185185)
2024-09-29 18:49:45  [ main:10 ] - [ INFO ]  成功存入TeamData(teamName=San Diego Padres, win=82, lose=80, winRate=0.50617284)
2024-09-29 18:49:45  [ main:10 ] - [ INFO ]  成功存入TeamData(teamName=San Francisco Giants, win=79, lose=83, winRate=0.48765433)
2024-09-29 18:49:45  [ main:10 ] - [ INFO ]  成功存入TeamData(teamName=Colorado Rockies, win=59, lose=103, winRate=0.36419752)
2024-09-29 18:49:45  [ main:10 ] - [ INFO ]  成功存入TeamData(teamName=Milwaukee Brewers, win=92, lose=70, winRate=0.56790125)
2024-09-29 18:49:45  [ main:10 ] - [ INFO ]  成功存入TeamData(teamName=Chicago Cubs, win=83, lose=79, winRate=0.5123457)
2024-09-29 18:49:45  [ main:10 ] - [ INFO ]  成功存入TeamData(teamName=Cincinnati Reds, win=82, lose=80, winRate=0.50617284)
2024-09-29 18:49:45  [ main:11 ] - [ INFO ]  成功存入TeamData(teamName=Pittsburgh Pirates, win=76, lose=86, winRate=0.4691358)
2024-09-29 18:49:45  [ main:11 ] - [ INFO ]  成功存入TeamData(teamName=St. Louis Cardinals, win=71, lose=91, winRate=0.4382716)
2024-09-29 18:49:45  [ main:11 ] - [ INFO ]  成功存入TeamData(teamName=Atlanta Braves, win=104, lose=58, winRate=0.6419753)
2024-09-29 18:49:45  [ main:11 ] - [ INFO ]  成功存入TeamData(teamName=Philadelphia Phillies, win=90, lose=72, winRate=0.5555556)
2024-09-29 18:49:45  [ main:11 ] - [ INFO ]  成功存入TeamData(teamName=Miami Marlins, win=84, lose=78, winRate=0.5185185)
2024-09-29 18:49:45  [ main:11 ] - [ INFO ]  成功存入TeamData(teamName=New York Mets, win=75, lose=87, winRate=0.46296296)
2024-09-29 18:49:45  [ main:11 ] - [ INFO ]  成功存入TeamData(teamName=Washington Nationals, win=71, lose=91, winRate=0.4382716)
2024-09-29 18:49:45  [ main:21 ] - [ INFO ]  成功獲取排序好的資料 american
[TeamData(teamName=Baltimore Orioles, win=101, lose=61, winRate=0.6234568), TeamData(teamName=Houston Astros, win=90, lose=72, winRate=0.5555556), TeamData(teamName=Minnesota Twins, win=87, lose=75, winRate=0.537037), TeamData(teamName=Tampa Bay Rays, win=99, lose=63, winRate=0.6111111), TeamData(teamName=Texas Rangers, win=90, lose=72, winRate=0.5555556), TeamData(teamName=Toronto Blue Jays, win=89, lose=73, winRate=0.5493827)]
2024-09-29 18:49:45  [ main:24 ] - [ INFO ]  成功獲取排序好的資料 national
[TeamData(teamName=Atlanta Braves, win=104, lose=58, winRate=0.6419753), TeamData(teamName=Los Angeles Dodgers, win=100, lose=62, winRate=0.61728394), TeamData(teamName=Milwaukee Brewers, win=92, lose=70, winRate=0.56790125), TeamData(teamName=Philadelphia Phillies, win=90, lose=72, winRate=0.5555556), TeamData(teamName=Arizona Diamondbacks, win=84, lose=78, winRate=0.5185185), TeamData(teamName=Miami Marlins, win=84, lose=78, winRate=0.5185185)]
2024-09-29 18:53:13  [ main:0 ] - [ INFO ]  成功存入TeamData(teamName=Houston Astros, win=90, lose=72, winRate=0.5555556)
2024-09-29 18:53:13  [ main:5 ] - [ INFO ]  成功存入TeamData(teamName=Texas Rangers, win=90, lose=72, winRate=0.5555556)
2024-09-29 18:53:13  [ main:6 ] - [ INFO ]  成功存入TeamData(teamName=Seattle Mariners, win=88, lose=74, winRate=0.54320985)
2024-09-29 18:53:13  [ main:6 ] - [ INFO ]  成功存入TeamData(teamName=Los Angeles Angels, win=73, lose=89, winRate=0.45061728)
2024-09-29 18:53:13  [ main:6 ] - [ INFO ]  成功存入TeamData(teamName=Oakland Athletics, win=50, lose=112, winRate=0.30864197)
2024-09-29 18:53:13  [ main:6 ] - [ INFO ]  成功存入TeamData(teamName=Minnesota Twins, win=87, lose=75, winRate=0.537037)
2024-09-29 18:53:13  [ main:7 ] - [ INFO ]  成功存入TeamData(teamName=Detroit Tigers, win=78, lose=84, winRate=0.4814815)
2024-09-29 18:53:13  [ main:7 ] - [ INFO ]  成功存入TeamData(teamName=Cleveland Guardians, win=76, lose=86, winRate=0.4691358)
2024-09-29 18:53:13  [ main:7 ] - [ INFO ]  成功存入TeamData(teamName=Chicago White Sox, win=61, lose=101, winRate=0.37654322)
2024-09-29 18:53:13  [ main:7 ] - [ INFO ]  成功存入TeamData(teamName=Kansas City Royals, win=56, lose=106, winRate=0.34567901)
2024-09-29 18:53:13  [ main:7 ] - [ INFO ]  成功存入TeamData(teamName=Baltimore Orioles, win=101, lose=61, winRate=0.6234568)
2024-09-29 18:53:13  [ main:8 ] - [ INFO ]  成功存入TeamData(teamName=Tampa Bay Rays, win=99, lose=63, winRate=0.6111111)
2024-09-29 18:53:13  [ main:9 ] - [ INFO ]  成功存入TeamData(teamName=Toronto Blue Jays, win=89, lose=73, winRate=0.5493827)
2024-09-29 18:53:13  [ main:9 ] - [ INFO ]  成功存入TeamData(teamName=New York Yankees, win=82, lose=80, winRate=0.50617284)
2024-09-29 18:53:13  [ main:10 ] - [ INFO ]  成功存入TeamData(teamName=Boston Red Sox, win=78, lose=84, winRate=0.4814815)
2024-09-29 18:58:29  [ main:0 ] - [ INFO ]  成功存入TeamData(teamName=Houston Astros, win=90, lose=72, winRate=0.5555556)
2024-09-29 18:58:29  [ main:3 ] - [ INFO ]  成功存入TeamData(teamName=Texas Rangers, win=90, lose=72, winRate=0.5555556)
2024-09-29 18:58:29  [ main:4 ] - [ INFO ]  成功存入TeamData(teamName=Seattle Mariners, win=88, lose=74, winRate=0.54320985)
2024-09-29 18:58:29  [ main:4 ] - [ INFO ]  成功存入TeamData(teamName=Los Angeles Angels, win=73, lose=89, winRate=0.45061728)
2024-09-29 18:58:29  [ main:4 ] - [ INFO ]  成功存入TeamData(teamName=Oakland Athletics, win=50, lose=112, winRate=0.30864197)
2024-09-29 18:58:29  [ main:4 ] - [ INFO ]  成功存入TeamData(teamName=Minnesota Twins, win=87, lose=75, winRate=0.537037)
2024-09-29 18:58:29  [ main:5 ] - [ INFO ]  成功存入TeamData(teamName=Detroit Tigers, win=78, lose=84, winRate=0.4814815)
2024-09-29 18:58:29  [ main:5 ] - [ INFO ]  成功存入TeamData(teamName=Cleveland Guardians, win=76, lose=86, winRate=0.4691358)
2024-09-29 18:58:29  [ main:5 ] - [ INFO ]  成功存入TeamData(teamName=Chicago White Sox, win=61, lose=101, winRate=0.37654322)
2024-09-29 18:58:29  [ main:6 ] - [ INFO ]  成功存入TeamData(teamName=Kansas City Royals, win=56, lose=106, winRate=0.34567901)
2024-09-29 18:58:29  [ main:6 ] - [ INFO ]  成功存入TeamData(teamName=Baltimore Orioles, win=101, lose=61, winRate=0.6234568)
2024-09-29 18:58:29  [ main:7 ] - [ INFO ]  成功存入TeamData(teamName=Tampa Bay Rays, win=99, lose=63, winRate=0.6111111)
2024-09-29 18:58:29  [ main:8 ] - [ INFO ]  成功存入TeamData(teamName=Toronto Blue Jays, win=89, lose=73, winRate=0.5493827)
2024-09-29 18:58:29  [ main:8 ] - [ INFO ]  成功存入TeamData(teamName=New York Yankees, win=82, lose=80, winRate=0.50617284)
2024-09-29 18:58:29  [ main:8 ] - [ INFO ]  成功存入TeamData(teamName=Boston Red Sox, win=78, lose=84, winRate=0.4814815)
2024-09-29 18:58:29  [ main:9 ] - [ INFO ]  抓取 Json 結束
2024-09-29 19:10:56  [ main:0 ] - [ INFO ]  成功存入TeamData(teamName=Houston Astros, win=90, lose=72, winRate=0.5555556)
2024-09-29 19:10:56  [ main:6 ] - [ INFO ]  成功存入TeamData(teamName=Texas Rangers, win=90, lose=72, winRate=0.5555556)
2024-09-29 19:10:56  [ main:6 ] - [ INFO ]  成功存入TeamData(teamName=Seattle Mariners, win=88, lose=74, winRate=0.54320985)
2024-09-29 19:10:56  [ main:6 ] - [ INFO ]  成功存入TeamData(teamName=Los Angeles Angels, win=73, lose=89, winRate=0.45061728)
2024-09-29 19:10:56  [ main:6 ] - [ INFO ]  成功存入TeamData(teamName=Oakland Athletics, win=50, lose=112, winRate=0.30864197)
2024-09-29 19:10:56  [ main:7 ] - [ INFO ]  成功存入TeamData(teamName=Minnesota Twins, win=87, lose=75, winRate=0.537037)
2024-09-29 19:10:56  [ main:7 ] - [ INFO ]  成功存入TeamData(teamName=Detroit Tigers, win=78, lose=84, winRate=0.4814815)
2024-09-29 19:10:56  [ main:7 ] - [ INFO ]  成功存入TeamData(teamName=Cleveland Guardians, win=76, lose=86, winRate=0.4691358)
2024-09-29 19:10:56  [ main:7 ] - [ INFO ]  成功存入TeamData(teamName=Chicago White Sox, win=61, lose=101, winRate=0.37654322)
2024-09-29 19:10:56  [ main:7 ] - [ INFO ]  成功存入TeamData(teamName=Kansas City Royals, win=56, lose=106, winRate=0.34567901)
2024-09-29 19:10:56  [ main:7 ] - [ INFO ]  成功存入TeamData(teamName=Baltimore Orioles, win=101, lose=61, winRate=0.6234568)
2024-09-29 19:10:56  [ main:7 ] - [ INFO ]  成功存入TeamData(teamName=Tampa Bay Rays, win=99, lose=63, winRate=0.6111111)
2024-09-29 19:10:56  [ main:7 ] - [ INFO ]  成功存入TeamData(teamName=Toronto Blue Jays, win=89, lose=73, winRate=0.5493827)
2024-09-29 19:10:56  [ main:8 ] - [ INFO ]  成功存入TeamData(teamName=New York Yankees, win=82, lose=80, winRate=0.50617284)
2024-09-29 19:10:56  [ main:10 ] - [ INFO ]  成功存入TeamData(teamName=Boston Red Sox, win=78, lose=84, winRate=0.4814815)
2024-09-29 19:10:56  [ main:10 ] - [ INFO ]  抓取 Json 結束
2024-09-29 19:11:03  [ main:0 ] - [ INFO ]  成功存入TeamData(teamName=Houston Astros, win=90, lose=72, winRate=0.5555556)
2024-09-29 19:11:03  [ main:4 ] - [ INFO ]  成功存入TeamData(teamName=Texas Rangers, win=90, lose=72, winRate=0.5555556)
2024-09-29 19:11:03  [ main:4 ] - [ INFO ]  成功存入TeamData(teamName=Seattle Mariners, win=88, lose=74, winRate=0.54320985)
2024-09-29 19:11:03  [ main:4 ] - [ INFO ]  成功存入TeamData(teamName=Los Angeles Angels, win=73, lose=89, winRate=0.45061728)
2024-09-29 19:11:03  [ main:5 ] - [ INFO ]  成功存入TeamData(teamName=Oakland Athletics, win=50, lose=112, winRate=0.30864197)
2024-09-29 19:11:03  [ main:5 ] - [ INFO ]  成功存入TeamData(teamName=Minnesota Twins, win=87, lose=75, winRate=0.537037)
2024-09-29 19:11:03  [ main:5 ] - [ INFO ]  成功存入TeamData(teamName=Detroit Tigers, win=78, lose=84, winRate=0.4814815)
2024-09-29 19:11:03  [ main:5 ] - [ INFO ]  成功存入TeamData(teamName=Cleveland Guardians, win=76, lose=86, winRate=0.4691358)
2024-09-29 19:11:03  [ main:5 ] - [ INFO ]  成功存入TeamData(teamName=Chicago White Sox, win=61, lose=101, winRate=0.37654322)
2024-09-29 19:11:03  [ main:5 ] - [ INFO ]  成功存入TeamData(teamName=Kansas City Royals, win=56, lose=106, winRate=0.34567901)
2024-09-29 19:11:03  [ main:6 ] - [ INFO ]  成功存入TeamData(teamName=Baltimore Orioles, win=101, lose=61, winRate=0.6234568)
2024-09-29 19:11:03  [ main:6 ] - [ INFO ]  成功存入TeamData(teamName=Tampa Bay Rays, win=99, lose=63, winRate=0.6111111)
2024-09-29 19:11:03  [ main:7 ] - [ INFO ]  成功存入TeamData(teamName=Toronto Blue Jays, win=89, lose=73, winRate=0.5493827)
2024-09-29 19:11:03  [ main:8 ] - [ INFO ]  成功存入TeamData(teamName=New York Yankees, win=82, lose=80, winRate=0.50617284)
2024-09-29 19:11:03  [ main:8 ] - [ INFO ]  成功存入TeamData(teamName=Boston Red Sox, win=78, lose=84, winRate=0.4814815)
2024-09-29 19:11:03  [ main:8 ] - [ INFO ]  成功存入TeamData(teamName=Los Angeles Dodgers, win=100, lose=62, winRate=0.61728394)
2024-09-29 19:11:03  [ main:9 ] - [ INFO ]  成功存入TeamData(teamName=Arizona Diamondbacks, win=84, lose=78, winRate=0.5185185)
2024-09-29 19:11:03  [ main:9 ] - [ INFO ]  成功存入TeamData(teamName=San Diego Padres, win=82, lose=80, winRate=0.50617284)
2024-09-29 19:11:03  [ main:10 ] - [ INFO ]  成功存入TeamData(teamName=San Francisco Giants, win=79, lose=83, winRate=0.48765433)
2024-09-29 19:11:03  [ main:10 ] - [ INFO ]  成功存入TeamData(teamName=Colorado Rockies, win=59, lose=103, winRate=0.36419752)
2024-09-29 19:11:03  [ main:10 ] - [ INFO ]  成功存入TeamData(teamName=Milwaukee Brewers, win=92, lose=70, winRate=0.56790125)
2024-09-29 19:11:03  [ main:10 ] - [ INFO ]  成功存入TeamData(teamName=Chicago Cubs, win=83, lose=79, winRate=0.5123457)
2024-09-29 19:11:03  [ main:10 ] - [ INFO ]  成功存入TeamData(teamName=Cincinnati Reds, win=82, lose=80, winRate=0.50617284)
2024-09-29 19:11:03  [ main:10 ] - [ INFO ]  成功存入TeamData(teamName=Pittsburgh Pirates, win=76, lose=86, winRate=0.4691358)
2024-09-29 19:11:03  [ main:10 ] - [ INFO ]  成功存入TeamData(teamName=St. Louis Cardinals, win=71, lose=91, winRate=0.4382716)
2024-09-29 19:11:03  [ main:11 ] - [ INFO ]  成功存入TeamData(teamName=Atlanta Braves, win=104, lose=58, winRate=0.6419753)
2024-09-29 19:11:03  [ main:13 ] - [ INFO ]  成功存入TeamData(teamName=Philadelphia Phillies, win=90, lose=72, winRate=0.5555556)
2024-09-29 19:11:03  [ main:14 ] - [ INFO ]  成功存入TeamData(teamName=Miami Marlins, win=84, lose=78, winRate=0.5185185)
2024-09-29 19:11:03  [ main:14 ] - [ INFO ]  成功存入TeamData(teamName=New York Mets, win=75, lose=87, winRate=0.46296296)
2024-09-29 19:11:03  [ main:15 ] - [ INFO ]  成功存入TeamData(teamName=Washington Nationals, win=71, lose=91, winRate=0.4382716)
2024-09-29 19:11:03  [ main:18 ] - [ INFO ]  抓取 Json 結束
2024-09-29 19:11:03  [ main:27 ] - [ INFO ]  成功獲取排序好的資料 american
[TeamData(teamName=Baltimore Orioles, win=101, lose=61, winRate=0.6234568), TeamData(teamName=Houston Astros, win=90, lose=72, winRate=0.5555556), TeamData(teamName=Minnesota Twins, win=87, lose=75, winRate=0.537037), TeamData(teamName=Tampa Bay Rays, win=99, lose=63, winRate=0.6111111), TeamData(teamName=Texas Rangers, win=90, lose=72, winRate=0.5555556), TeamData(teamName=Toronto Blue Jays, win=89, lose=73, winRate=0.5493827)]
2024-09-29 19:11:03  [ main:28 ] - [ INFO ]  成功獲取排序好的資料 national
[TeamData(teamName=Atlanta Braves, win=104, lose=58, winRate=0.6419753), TeamData(teamName=Los Angeles Dodgers, win=100, lose=62, winRate=0.61728394), TeamData(teamName=Milwaukee Brewers, win=92, lose=70, winRate=0.56790125), TeamData(teamName=Philadelphia Phillies, win=90, lose=72, winRate=0.5555556), TeamData(teamName=Arizona Diamondbacks, win=84, lose=78, winRate=0.5185185), TeamData(teamName=Miami Marlins, win=84, lose=78, winRate=0.5185185)]
2024-09-29 19:11:44  [ main:0 ] - [ INFO ]  成功存入TeamData(teamName=Houston Astros, win=90, lose=72, winRate=0.5555556)
2024-09-29 19:11:44  [ main:3 ] - [ INFO ]  成功存入TeamData(teamName=Texas Rangers, win=90, lose=72, winRate=0.5555556)
2024-09-29 19:11:44  [ main:4 ] - [ INFO ]  成功存入TeamData(teamName=Seattle Mariners, win=88, lose=74, winRate=0.54320985)
2024-09-29 19:11:44  [ main:4 ] - [ INFO ]  成功存入TeamData(teamName=Los Angeles Angels, win=73, lose=89, winRate=0.45061728)
2024-09-29 19:11:44  [ main:4 ] - [ INFO ]  成功存入TeamData(teamName=Oakland Athletics, win=50, lose=112, winRate=0.30864197)
2024-09-29 19:11:44  [ main:4 ] - [ INFO ]  成功存入TeamData(teamName=Minnesota Twins, win=87, lose=75, winRate=0.537037)
2024-09-29 19:11:44  [ main:4 ] - [ INFO ]  成功存入TeamData(teamName=Detroit Tigers, win=78, lose=84, winRate=0.4814815)
2024-09-29 19:11:44  [ main:4 ] - [ INFO ]  成功存入TeamData(teamName=Cleveland Guardians, win=76, lose=86, winRate=0.4691358)
2024-09-29 19:11:44  [ main:4 ] - [ INFO ]  成功存入TeamData(teamName=Chicago White Sox, win=61, lose=101, winRate=0.37654322)
2024-09-29 19:11:44  [ main:5 ] - [ INFO ]  成功存入TeamData(teamName=Kansas City Royals, win=56, lose=106, winRate=0.34567901)
2024-09-29 19:11:44  [ main:5 ] - [ INFO ]  成功存入TeamData(teamName=Baltimore Orioles, win=101, lose=61, winRate=0.6234568)
2024-09-29 19:11:44  [ main:6 ] - [ INFO ]  成功存入TeamData(teamName=Tampa Bay Rays, win=99, lose=63, winRate=0.6111111)
2024-09-29 19:11:44  [ main:6 ] - [ INFO ]  成功存入TeamData(teamName=Toronto Blue Jays, win=89, lose=73, winRate=0.5493827)
2024-09-29 19:11:44  [ main:7 ] - [ INFO ]  成功存入TeamData(teamName=New York Yankees, win=82, lose=80, winRate=0.50617284)
2024-09-29 19:11:44  [ main:7 ] - [ INFO ]  成功存入TeamData(teamName=Boston Red Sox, win=78, lose=84, winRate=0.4814815)
2024-09-29 19:11:44  [ main:7 ] - [ INFO ]  抓取 Json 結束
2024-09-29 19:26:48  [ main:0 ] - [ INFO ]  成功存入TeamData(teamName=Houston Astros, win=91, lose=71, winRate=0.5617284)
2024-09-29 19:26:48  [ main:4 ] - [ INFO ]  成功存入TeamData(teamName=Texas Rangers, win=89, lose=73, winRate=0.5493827)
2024-09-29 19:26:48  [ main:5 ] - [ INFO ]  成功存入TeamData(teamName=Seattle Mariners, win=88, lose=74, winRate=0.54320985)
2024-09-29 19:26:48  [ main:5 ] - [ INFO ]  成功存入TeamData(teamName=Los Angeles Angels, win=73, lose=89, winRate=0.45061728)
2024-09-29 19:26:48  [ main:5 ] - [ INFO ]  成功存入TeamData(teamName=Oakland Athletics, win=50, lose=112, winRate=0.30864197)
2024-09-29 19:26:48  [ main:6 ] - [ INFO ]  成功存入TeamData(teamName=Minnesota Twins, win=87, lose=75, winRate=0.537037)
2024-09-29 19:26:48  [ main:6 ] - [ INFO ]  成功存入TeamData(teamName=Detroit Tigers, win=78, lose=84, winRate=0.4814815)
2024-09-29 19:26:48  [ main:6 ] - [ INFO ]  成功存入TeamData(teamName=Cleveland Guardians, win=76, lose=86, winRate=0.4691358)
2024-09-29 19:26:48  [ main:7 ] - [ INFO ]  成功存入TeamData(teamName=Chicago White Sox, win=61, lose=101, winRate=0.37654322)
2024-09-29 19:26:48  [ main:7 ] - [ INFO ]  成功存入TeamData(teamName=Kansas City Royals, win=56, lose=106, winRate=0.34567901)
2024-09-29 19:26:48  [ main:7 ] - [ INFO ]  成功存入TeamData(teamName=Baltimore Orioles, win=101, lose=61, winRate=0.6234568)
2024-09-29 19:26:48  [ main:8 ] - [ INFO ]  成功存入TeamData(teamName=Tampa Bay Rays, win=99, lose=63, winRate=0.6111111)
2024-09-29 19:26:48  [ main:8 ] - [ INFO ]  成功存入TeamData(teamName=Toronto Blue Jays, win=89, lose=73, winRate=0.5493827)
2024-09-29 19:26:48  [ main:9 ] - [ INFO ]  成功存入TeamData(teamName=New York Yankees, win=82, lose=80, winRate=0.50617284)
2024-09-29 19:26:48  [ main:9 ] - [ INFO ]  成功存入TeamData(teamName=Boston Red Sox, win=78, lose=84, winRate=0.4814815)
2024-09-29 19:26:48  [ main:9 ] - [ INFO ]  抓取 Json 結束
2024-09-29 19:27:06  [ main:0 ] - [ ERROR ]  java.io.FileNotFoundException: src/main/resources/mlbTeamsJsonRecord/record_2023_forAssert.json (No such file or directory)
2024-09-29 19:27:06  [ main:4 ] - [ INFO ]  抓取 Json 結束
2024-09-29 19:28:05  [ main:0 ] - [ ERROR ]  getData 發生 : java.io.FileNotFoundException: src/main/resources/mlbTeamsJsonRecord/record_2023_forAssert.json (No such file or directory)
2024-09-29 19:28:05  [ main:13 ] - [ INFO ]  抓取 Json 結束
2024-09-29 19:28:34  [ main:0 ] - [ INFO ]  成功存入TeamData(teamName=Houston Astros, win=91, lose=71, winRate=0.5617284)
2024-09-29 19:28:34  [ main:5 ] - [ INFO ]  成功存入TeamData(teamName=Minnesota Twins, win=87, lose=75, winRate=0.537037)
2024-09-29 19:28:34  [ main:5 ] - [ INFO ]  成功存入TeamData(teamName=Baltimore Orioles, win=101, lose=61, winRate=0.6234568)
2024-09-29 19:28:34  [ main:6 ] - [ INFO ]  成功存入TeamData(teamName=Los Angeles Dodgers, win=100, lose=62, winRate=0.61728394)
2024-09-29 19:28:34  [ main:6 ] - [ INFO ]  成功存入TeamData(teamName=Arizona Diamondbacks, win=84, lose=78, winRate=0.5185185)
2024-09-29 19:28:34  [ main:6 ] - [ INFO ]  成功存入TeamData(teamName=San Diego Padres, win=82, lose=80, winRate=0.50617284)
2024-09-29 19:28:34  [ main:6 ] - [ INFO ]  成功存入TeamData(teamName=San Francisco Giants, win=79, lose=83, winRate=0.48765433)
2024-09-29 19:28:34  [ main:7 ] - [ INFO ]  成功存入TeamData(teamName=Colorado Rockies, win=59, lose=103, winRate=0.36419752)
2024-09-29 19:28:34  [ main:7 ] - [ INFO ]  成功存入TeamData(teamName=Milwaukee Brewers, win=92, lose=70, winRate=0.56790125)
2024-09-29 19:28:34  [ main:7 ] - [ INFO ]  成功存入TeamData(teamName=Chicago Cubs, win=83, lose=79, winRate=0.5123457)
2024-09-29 19:28:34  [ main:7 ] - [ INFO ]  成功存入TeamData(teamName=Cincinnati Reds, win=82, lose=80, winRate=0.50617284)
2024-09-29 19:28:34  [ main:7 ] - [ INFO ]  成功存入TeamData(teamName=Pittsburgh Pirates, win=76, lose=86, winRate=0.4691358)
2024-09-29 19:28:34  [ main:7 ] - [ INFO ]  成功存入TeamData(teamName=St. Louis Cardinals, win=71, lose=91, winRate=0.4382716)
2024-09-29 19:28:34  [ main:7 ] - [ INFO ]  成功存入TeamData(teamName=Atlanta Braves, win=104, lose=58, winRate=0.6419753)
2024-09-29 19:28:34  [ main:9 ] - [ INFO ]  成功存入TeamData(teamName=Philadelphia Phillies, win=90, lose=72, winRate=0.5555556)
2024-09-29 19:28:34  [ main:9 ] - [ INFO ]  成功存入TeamData(teamName=Miami Marlins, win=84, lose=78, winRate=0.5185185)
2024-09-29 19:28:34  [ main:10 ] - [ INFO ]  成功存入TeamData(teamName=New York Mets, win=75, lose=87, winRate=0.46296296)
2024-09-29 19:28:34  [ main:10 ] - [ INFO ]  成功存入TeamData(teamName=Washington Nationals, win=71, lose=91, winRate=0.4382716)
2024-09-29 19:28:34  [ main:10 ] - [ INFO ]  抓取 Json 結束
2024-09-29 19:29:05  [ main:0 ] - [ INFO ]  成功存入TeamData(teamName=Houston Astros, win=91, lose=71, winRate=0.5617284)
2024-09-29 19:29:05  [ main:4 ] - [ INFO ]  成功存入TeamData(teamName=Minnesota Twins, win=87, lose=75, winRate=0.537037)
2024-09-29 19:29:05  [ main:4 ] - [ INFO ]  成功存入TeamData(teamName=Baltimore Orioles, win=101, lose=61, winRate=0.6234568)
2024-09-29 19:29:05  [ main:4 ] - [ INFO ]  成功存入TeamData(teamName=Los Angeles Dodgers, win=100, lose=62, winRate=0.61728394)
2024-09-29 19:29:05  [ main:5 ] - [ INFO ]  成功存入TeamData(teamName=Arizona Diamondbacks, win=84, lose=78, winRate=0.5185185)
2024-09-29 19:29:05  [ main:5 ] - [ INFO ]  成功存入TeamData(teamName=San Diego Padres, win=82, lose=80, winRate=0.50617284)
2024-09-29 19:29:05  [ main:5 ] - [ INFO ]  成功存入TeamData(teamName=San Francisco Giants, win=79, lose=83, winRate=0.48765433)
2024-09-29 19:29:05  [ main:5 ] - [ INFO ]  成功存入TeamData(teamName=Colorado Rockies, win=59, lose=103, winRate=0.36419752)
2024-09-29 19:29:05  [ main:5 ] - [ INFO ]  成功存入TeamData(teamName=Milwaukee Brewers, win=92, lose=70, winRate=0.56790125)
2024-09-29 19:29:05  [ main:6 ] - [ INFO ]  成功存入TeamData(teamName=Chicago Cubs, win=83, lose=79, winRate=0.5123457)
2024-09-29 19:29:05  [ main:6 ] - [ INFO ]  成功存入TeamData(teamName=Cincinnati Reds, win=82, lose=80, winRate=0.50617284)
2024-09-29 19:29:05  [ main:6 ] - [ INFO ]  成功存入TeamData(teamName=Pittsburgh Pirates, win=76, lose=86, winRate=0.4691358)
2024-09-29 19:29:05  [ main:7 ] - [ INFO ]  成功存入TeamData(teamName=St. Louis Cardinals, win=71, lose=91, winRate=0.4382716)
2024-09-29 19:29:05  [ main:7 ] - [ INFO ]  成功存入TeamData(teamName=Atlanta Braves, win=104, lose=58, winRate=0.6419753)
2024-09-29 19:29:05  [ main:7 ] - [ INFO ]  成功存入TeamData(teamName=Philadelphia Phillies, win=90, lose=72, winRate=0.5555556)
2024-09-29 19:29:05  [ main:8 ] - [ INFO ]  成功存入TeamData(teamName=Miami Marlins, win=84, lose=78, winRate=0.5185185)
2024-09-29 19:29:05  [ main:8 ] - [ INFO ]  成功存入TeamData(teamName=New York Mets, win=75, lose=87, winRate=0.46296296)
2024-09-29 19:29:05  [ main:8 ] - [ INFO ]  成功存入TeamData(teamName=Washington Nationals, win=71, lose=91, winRate=0.4382716)
2024-09-29 19:29:05  [ main:9 ] - [ INFO ]  抓取 Json 結束
2024-09-29 19:38:29  [ main:0 ] - [ INFO ]  成功存入TeamData(teamName=Houston Astros, win=91, lose=71, winRate=0.5617284)
2024-09-29 19:38:29  [ main:5 ] - [ INFO ]  成功存入TeamData(teamName=Minnesota Twins, win=87, lose=75, winRate=0.537037)
2024-09-29 19:38:29  [ main:5 ] - [ INFO ]  成功存入TeamData(teamName=Baltimore Orioles, win=101, lose=61, winRate=0.6234568)
2024-09-29 19:38:29  [ main:5 ] - [ INFO ]  成功存入TeamData(teamName=Los Angeles Dodgers, win=100, lose=62, winRate=0.61728394)
2024-09-29 19:38:29  [ main:6 ] - [ INFO ]  成功存入TeamData(teamName=Arizona Diamondbacks, win=84, lose=78, winRate=0.5185185)
2024-09-29 19:38:29  [ main:6 ] - [ INFO ]  成功存入TeamData(teamName=San Diego Padres, win=82, lose=80, winRate=0.50617284)
2024-09-29 19:38:29  [ main:6 ] - [ INFO ]  成功存入TeamData(teamName=San Francisco Giants, win=79, lose=83, winRate=0.48765433)
2024-09-29 19:38:29  [ main:8 ] - [ INFO ]  成功存入TeamData(teamName=Colorado Rockies, win=59, lose=103, winRate=0.36419752)
2024-09-29 19:38:29  [ main:8 ] - [ INFO ]  成功存入TeamData(teamName=Milwaukee Brewers, win=92, lose=70, winRate=0.56790125)
2024-09-29 19:38:29  [ main:9 ] - [ INFO ]  成功存入TeamData(teamName=Chicago Cubs, win=83, lose=79, winRate=0.5123457)
2024-09-29 19:38:29  [ main:9 ] - [ INFO ]  成功存入TeamData(teamName=Cincinnati Reds, win=82, lose=80, winRate=0.50617284)
2024-09-29 19:38:29  [ main:10 ] - [ INFO ]  成功存入TeamData(teamName=Pittsburgh Pirates, win=76, lose=86, winRate=0.4691358)
2024-09-29 19:38:29  [ main:10 ] - [ INFO ]  成功存入TeamData(teamName=St. Louis Cardinals, win=71, lose=91, winRate=0.4382716)
2024-09-29 19:38:29  [ main:11 ] - [ INFO ]  成功存入TeamData(teamName=Atlanta Braves, win=104, lose=58, winRate=0.6419753)
2024-09-29 19:38:29  [ main:11 ] - [ INFO ]  成功存入TeamData(teamName=Philadelphia Phillies, win=90, lose=72, winRate=0.5555556)
2024-09-29 19:38:29  [ main:12 ] - [ INFO ]  成功存入TeamData(teamName=Miami Marlins, win=84, lose=78, winRate=0.5185185)
2024-09-29 19:38:29  [ main:13 ] - [ INFO ]  成功存入TeamData(teamName=New York Mets, win=75, lose=87, winRate=0.46296296)
2024-09-29 19:38:29  [ main:13 ] - [ INFO ]  成功存入TeamData(teamName=Washington Nationals, win=71, lose=91, winRate=0.4382716)
2024-09-29 19:38:29  [ main:13 ] - [ INFO ]  抓取 Json 結束
2024-09-29 19:39:45  [ main:0 ] - [ INFO ]  成功存入TeamData(teamName=Houston Astros, win=91, lose=71, winRate=0.5617284)
2024-09-29 19:39:45  [ main:3 ] - [ INFO ]  成功存入TeamData(teamName=Texas Rangers, win=89, lose=73, winRate=0.5493827)
2024-09-29 19:39:45  [ main:4 ] - [ INFO ]  成功存入TeamData(teamName=Seattle Mariners, win=88, lose=74, winRate=0.54320985)
2024-09-29 19:39:45  [ main:4 ] - [ INFO ]  成功存入TeamData(teamName=Los Angeles Angels, win=73, lose=89, winRate=0.45061728)
2024-09-29 19:39:45  [ main:4 ] - [ INFO ]  成功存入TeamData(teamName=Oakland Athletics, win=50, lose=112, winRate=0.30864197)
2024-09-29 19:39:45  [ main:4 ] - [ INFO ]  成功存入TeamData(teamName=Minnesota Twins, win=87, lose=75, winRate=0.537037)
2024-09-29 19:39:45  [ main:4 ] - [ INFO ]  成功存入TeamData(teamName=Detroit Tigers, win=78, lose=84, winRate=0.4814815)
2024-09-29 19:39:45  [ main:4 ] - [ INFO ]  成功存入TeamData(teamName=Cleveland Guardians, win=76, lose=86, winRate=0.4691358)
2024-09-29 19:39:45  [ main:4 ] - [ INFO ]  成功存入TeamData(teamName=Chicago White Sox, win=61, lose=101, winRate=0.37654322)
2024-09-29 19:39:45  [ main:5 ] - [ INFO ]  成功存入TeamData(teamName=Kansas City Royals, win=56, lose=106, winRate=0.34567901)
2024-09-29 19:39:45  [ main:6 ] - [ INFO ]  成功存入TeamData(teamName=Baltimore Orioles, win=101, lose=61, winRate=0.6234568)
2024-09-29 19:39:45  [ main:6 ] - [ INFO ]  成功存入TeamData(teamName=Tampa Bay Rays, win=99, lose=63, winRate=0.6111111)
2024-09-29 19:39:45  [ main:7 ] - [ INFO ]  成功存入TeamData(teamName=Toronto Blue Jays, win=89, lose=73, winRate=0.5493827)
2024-09-29 19:39:45  [ main:7 ] - [ INFO ]  成功存入TeamData(teamName=New York Yankees, win=82, lose=80, winRate=0.50617284)
2024-09-29 19:39:45  [ main:7 ] - [ INFO ]  成功存入TeamData(teamName=Boston Red Sox, win=78, lose=84, winRate=0.4814815)
2024-09-29 19:39:45  [ main:8 ] - [ INFO ]  抓取 Json 結束
2024-09-29 19:54:59  [ main:0 ] - [ INFO ]  成功存入TeamData(teamName=Houston Astros, win=91, lose=71, winRate=0.5617284)
2024-09-29 19:54:59  [ main:4 ] - [ INFO ]  成功存入TeamData(teamName=Texas Rangers, win=89, lose=73, winRate=0.5493827)
2024-09-29 19:54:59  [ main:4 ] - [ INFO ]  成功存入TeamData(teamName=Seattle Mariners, win=88, lose=74, winRate=0.54320985)
2024-09-29 19:54:59  [ main:5 ] - [ INFO ]  成功存入TeamData(teamName=Los Angeles Angels, win=73, lose=89, winRate=0.45061728)
2024-09-29 19:54:59  [ main:5 ] - [ INFO ]  成功存入TeamData(teamName=Oakland Athletics, win=50, lose=112, winRate=0.30864197)
2024-09-29 19:54:59  [ main:5 ] - [ INFO ]  成功存入TeamData(teamName=Minnesota Twins, win=87, lose=75, winRate=0.537037)
2024-09-29 19:54:59  [ main:5 ] - [ INFO ]  成功存入TeamData(teamName=Detroit Tigers, win=78, lose=84, winRate=0.4814815)
2024-09-29 19:54:59  [ main:5 ] - [ INFO ]  成功存入TeamData(teamName=Cleveland Guardians, win=76, lose=86, winRate=0.4691358)
2024-09-29 19:54:59  [ main:6 ] - [ INFO ]  成功存入TeamData(teamName=Chicago White Sox, win=61, lose=101, winRate=0.37654322)
2024-09-29 19:54:59  [ main:6 ] - [ INFO ]  成功存入TeamData(teamName=Kansas City Royals, win=56, lose=106, winRate=0.34567901)
2024-09-29 19:54:59  [ main:7 ] - [ INFO ]  成功存入TeamData(teamName=Baltimore Orioles, win=101, lose=61, winRate=0.6234568)
2024-09-29 19:54:59  [ main:7 ] - [ INFO ]  成功存入TeamData(teamName=Tampa Bay Rays, win=99, lose=63, winRate=0.6111111)
2024-09-29 19:54:59  [ main:8 ] - [ INFO ]  成功存入TeamData(teamName=Toronto Blue Jays, win=89, lose=73, winRate=0.5493827)
2024-09-29 19:54:59  [ main:8 ] - [ INFO ]  成功存入TeamData(teamName=New York Yankees, win=82, lose=80, winRate=0.50617284)
2024-09-29 19:54:59  [ main:9 ] - [ INFO ]  成功存入TeamData(teamName=Boston Red Sox, win=78, lose=84, winRate=0.4814815)
2024-09-29 19:54:59  [ main:9 ] - [ INFO ]  抓取 Json 結束
2024-09-29 19:54:59  [ main:14 ] - [ ERROR ]  Error processing file: src/main/resources/mlbTeamsJsonRecord/record_2023_forTryCatchFinally.json
2024-09-29 19:54:59  [ main:17 ] - [ ERROR ]  Error message: League not found in JSON: National League
2024-09-29 19:55:03  [ main:4110 ] - [ INFO ]  成功存入TeamData(teamName=Houston Astros, win=91, lose=71, winRate=0.5617284)
2024-09-29 19:55:03  [ main:4112 ] - [ INFO ]  成功存入TeamData(teamName=Texas Rangers, win=89, lose=73, winRate=0.5493827)
2024-09-29 19:55:03  [ main:4112 ] - [ INFO ]  成功存入TeamData(teamName=Seattle Mariners, win=88, lose=74, winRate=0.54320985)
2024-09-29 19:55:03  [ main:4112 ] - [ INFO ]  成功存入TeamData(teamName=Los Angeles Angels, win=73, lose=89, winRate=0.45061728)
2024-09-29 19:55:03  [ main:4112 ] - [ INFO ]  成功存入TeamData(teamName=Oakland Athletics, win=50, lose=112, winRate=0.30864197)
2024-09-29 19:55:03  [ main:4112 ] - [ INFO ]  成功存入TeamData(teamName=Minnesota Twins, win=87, lose=75, winRate=0.537037)
2024-09-29 19:55:03  [ main:4112 ] - [ INFO ]  成功存入TeamData(teamName=Detroit Tigers, win=78, lose=84, winRate=0.4814815)
2024-09-29 19:55:03  [ main:4112 ] - [ INFO ]  成功存入TeamData(teamName=Cleveland Guardians, win=76, lose=86, winRate=0.4691358)
2024-09-29 19:55:03  [ main:4113 ] - [ INFO ]  成功存入TeamData(teamName=Chicago White Sox, win=61, lose=101, winRate=0.37654322)
2024-09-29 19:55:03  [ main:4113 ] - [ INFO ]  成功存入TeamData(teamName=Kansas City Royals, win=56, lose=106, winRate=0.34567901)
2024-09-29 19:55:03  [ main:4113 ] - [ INFO ]  成功存入TeamData(teamName=Baltimore Orioles, win=101, lose=61, winRate=0.6234568)
2024-09-29 19:55:03  [ main:4113 ] - [ INFO ]  成功存入TeamData(teamName=Tampa Bay Rays, win=99, lose=63, winRate=0.6111111)
2024-09-29 19:55:03  [ main:4114 ] - [ INFO ]  成功存入TeamData(teamName=Toronto Blue Jays, win=89, lose=73, winRate=0.5493827)
2024-09-29 19:55:03  [ main:4114 ] - [ INFO ]  成功存入TeamData(teamName=New York Yankees, win=82, lose=80, winRate=0.50617284)
2024-09-29 19:55:03  [ main:4114 ] - [ INFO ]  成功存入TeamData(teamName=Boston Red Sox, win=78, lose=84, winRate=0.4814815)
2024-09-29 19:55:03  [ main:4114 ] - [ INFO ]  成功存入TeamData(teamName=Los Angeles Dodgers, win=100, lose=62, winRate=0.61728394)
2024-09-29 19:55:03  [ main:4114 ] - [ INFO ]  成功存入TeamData(teamName=Arizona Diamondbacks, win=84, lose=78, winRate=0.5185185)
2024-09-29 19:55:03  [ main:4115 ] - [ INFO ]  成功存入TeamData(teamName=San Diego Padres, win=82, lose=80, winRate=0.50617284)
2024-09-29 19:55:03  [ main:4115 ] - [ INFO ]  成功存入TeamData(teamName=San Francisco Giants, win=79, lose=83, winRate=0.48765433)
2024-09-29 19:55:03  [ main:4115 ] - [ INFO ]  成功存入TeamData(teamName=Colorado Rockies, win=59, lose=103, winRate=0.36419752)
2024-09-29 19:55:03  [ main:4115 ] - [ INFO ]  成功存入TeamData(teamName=Milwaukee Brewers, win=92, lose=70, winRate=0.56790125)
2024-09-29 19:55:03  [ main:4115 ] - [ INFO ]  成功存入TeamData(teamName=Chicago Cubs, win=83, lose=79, winRate=0.5123457)
2024-09-29 19:55:03  [ main:4115 ] - [ INFO ]  成功存入TeamData(teamName=Cincinnati Reds, win=82, lose=80, winRate=0.50617284)
2024-09-29 19:55:03  [ main:4116 ] - [ INFO ]  成功存入TeamData(teamName=Pittsburgh Pirates, win=76, lose=86, winRate=0.4691358)
2024-09-29 19:55:03  [ main:4118 ] - [ INFO ]  成功存入TeamData(teamName=St. Louis Cardinals, win=71, lose=91, winRate=0.4382716)
2024-09-29 19:55:03  [ main:4119 ] - [ INFO ]  成功存入TeamData(teamName=Atlanta Braves, win=104, lose=58, winRate=0.6419753)
2024-09-29 19:55:03  [ main:4119 ] - [ INFO ]  成功存入TeamData(teamName=Philadelphia Phillies, win=90, lose=72, winRate=0.5555556)
2024-09-29 19:55:03  [ main:4119 ] - [ INFO ]  成功存入TeamData(teamName=Miami Marlins, win=84, lose=78, winRate=0.5185185)
2024-09-29 19:55:03  [ main:4121 ] - [ INFO ]  成功存入TeamData(teamName=New York Mets, win=75, lose=87, winRate=0.46296296)
2024-09-29 19:55:03  [ main:4121 ] - [ INFO ]  成功存入TeamData(teamName=Washington Nationals, win=71, lose=91, winRate=0.4382716)
2024-09-29 19:55:03  [ main:4121 ] - [ INFO ]  抓取 Json 結束
2024-09-29 19:55:03  [ main:4125 ] - [ INFO ]  成功獲取排序好的資料 american
[TeamData(teamName=Baltimore Orioles, win=101, lose=61, winRate=0.6234568), TeamData(teamName=Houston Astros, win=91, lose=71, winRate=0.5617284), TeamData(teamName=Minnesota Twins, win=87, lose=75, winRate=0.537037), TeamData(teamName=Tampa Bay Rays, win=99, lose=63, winRate=0.6111111), TeamData(teamName=Texas Rangers, win=89, lose=73, winRate=0.5493827), TeamData(teamName=Toronto Blue Jays, win=89, lose=73, winRate=0.5493827)]
2024-09-29 19:55:03  [ main:4126 ] - [ INFO ]  成功獲取排序好的資料 national
[TeamData(teamName=Atlanta Braves, win=104, lose=58, winRate=0.6419753), TeamData(teamName=Los Angeles Dodgers, win=100, lose=62, winRate=0.61728394), TeamData(teamName=Milwaukee Brewers, win=92, lose=70, winRate=0.56790125), TeamData(teamName=Philadelphia Phillies, win=90, lose=72, winRate=0.5555556), TeamData(teamName=Arizona Diamondbacks, win=84, lose=78, winRate=0.5185185), TeamData(teamName=Miami Marlins, win=84, lose=78, winRate=0.5185185)]
2024-09-29 19:56:53  [ main:0 ] - [ INFO ]  成功存入TeamData(teamName=Houston Astros, win=91, lose=71, winRate=0.5617284)
2024-09-29 19:56:53  [ main:3 ] - [ INFO ]  成功存入TeamData(teamName=Texas Rangers, win=89, lose=73, winRate=0.5493827)
2024-09-29 19:56:53  [ main:4 ] - [ INFO ]  成功存入TeamData(teamName=Seattle Mariners, win=88, lose=74, winRate=0.54320985)
2024-09-29 19:56:53  [ main:4 ] - [ INFO ]  成功存入TeamData(teamName=Los Angeles Angels, win=73, lose=89, winRate=0.45061728)
2024-09-29 19:56:53  [ main:4 ] - [ INFO ]  成功存入TeamData(teamName=Oakland Athletics, win=50, lose=112, winRate=0.30864197)
2024-09-29 19:56:53  [ main:4 ] - [ INFO ]  成功存入TeamData(teamName=Minnesota Twins, win=87, lose=75, winRate=0.537037)
2024-09-29 19:56:53  [ main:5 ] - [ INFO ]  成功存入TeamData(teamName=Detroit Tigers, win=78, lose=84, winRate=0.4814815)
2024-09-29 19:56:53  [ main:5 ] - [ INFO ]  成功存入TeamData(teamName=Cleveland Guardians, win=76, lose=86, winRate=0.4691358)
2024-09-29 19:56:53  [ main:5 ] - [ INFO ]  成功存入TeamData(teamName=Chicago White Sox, win=61, lose=101, winRate=0.37654322)
2024-09-29 19:56:53  [ main:6 ] - [ INFO ]  成功存入TeamData(teamName=Kansas City Royals, win=56, lose=106, winRate=0.34567901)
2024-09-29 19:56:53  [ main:6 ] - [ INFO ]  成功存入TeamData(teamName=Baltimore Orioles, win=101, lose=61, winRate=0.6234568)
2024-09-29 19:56:53  [ main:6 ] - [ INFO ]  成功存入TeamData(teamName=Tampa Bay Rays, win=99, lose=63, winRate=0.6111111)
2024-09-29 19:56:53  [ main:7 ] - [ INFO ]  成功存入TeamData(teamName=Toronto Blue Jays, win=89, lose=73, winRate=0.5493827)
2024-09-29 19:56:53  [ main:7 ] - [ INFO ]  成功存入TeamData(teamName=New York Yankees, win=82, lose=80, winRate=0.50617284)
2024-09-29 19:56:53  [ main:8 ] - [ INFO ]  成功存入TeamData(teamName=Boston Red Sox, win=78, lose=84, winRate=0.4814815)
2024-09-29 19:56:53  [ main:8 ] - [ INFO ]  成功存入TeamData(teamName=Los Angeles Dodgers, win=100, lose=62, winRate=0.61728394)
2024-09-29 19:56:53  [ main:8 ] - [ INFO ]  成功存入TeamData(teamName=Arizona Diamondbacks, win=84, lose=78, winRate=0.5185185)
2024-09-29 19:56:53  [ main:8 ] - [ INFO ]  成功存入TeamData(teamName=San Diego Padres, win=82, lose=80, winRate=0.50617284)
2024-09-29 19:56:53  [ main:8 ] - [ INFO ]  成功存入TeamData(teamName=San Francisco Giants, win=79, lose=83, winRate=0.48765433)
2024-09-29 19:56:53  [ main:9 ] - [ INFO ]  成功存入TeamData(teamName=Colorado Rockies, win=59, lose=103, winRate=0.36419752)
2024-09-29 19:56:53  [ main:9 ] - [ INFO ]  成功存入TeamData(teamName=Milwaukee Brewers, win=92, lose=70, winRate=0.56790125)
2024-09-29 19:56:53  [ main:9 ] - [ INFO ]  成功存入TeamData(teamName=Chicago Cubs, win=83, lose=79, winRate=0.5123457)
2024-09-29 19:56:53  [ main:9 ] - [ INFO ]  成功存入TeamData(teamName=Cincinnati Reds, win=82, lose=80, winRate=0.50617284)
2024-09-29 19:56:53  [ main:9 ] - [ INFO ]  成功存入TeamData(teamName=Pittsburgh Pirates, win=76, lose=86, winRate=0.4691358)
2024-09-29 19:56:53  [ main:9 ] - [ INFO ]  成功存入TeamData(teamName=St. Louis Cardinals, win=71, lose=91, winRate=0.4382716)
2024-09-29 19:56:53  [ main:9 ] - [ INFO ]  成功存入TeamData(teamName=Atlanta Braves, win=104, lose=58, winRate=0.6419753)
2024-09-29 19:56:53  [ main:9 ] - [ INFO ]  成功存入TeamData(teamName=Philadelphia Phillies, win=90, lose=72, winRate=0.5555556)
2024-09-29 19:56:53  [ main:9 ] - [ INFO ]  成功存入TeamData(teamName=Miami Marlins, win=84, lose=78, winRate=0.5185185)
2024-09-29 19:56:53  [ main:10 ] - [ INFO ]  成功存入TeamData(teamName=New York Mets, win=75, lose=87, winRate=0.46296296)
2024-09-29 19:56:53  [ main:11 ] - [ INFO ]  成功存入TeamData(teamName=Washington Nationals, win=71, lose=91, winRate=0.4382716)
2024-09-29 19:56:53  [ main:11 ] - [ INFO ]  抓取 Json 結束
2024-09-29 19:56:53  [ main:21 ] - [ INFO ]  成功獲取排序好的資料 american
[TeamData(teamName=Baltimore Orioles, win=101, lose=61, winRate=0.6234568), TeamData(teamName=Houston Astros, win=91, lose=71, winRate=0.5617284), TeamData(teamName=Minnesota Twins, win=87, lose=75, winRate=0.537037), TeamData(teamName=Tampa Bay Rays, win=99, lose=63, winRate=0.6111111), TeamData(teamName=Texas Rangers, win=89, lose=73, winRate=0.5493827), TeamData(teamName=Toronto Blue Jays, win=89, lose=73, winRate=0.5493827)]
2024-09-29 19:56:53  [ main:22 ] - [ INFO ]  成功獲取排序好的資料 national
[TeamData(teamName=Atlanta Braves, win=104, lose=58, winRate=0.6419753), TeamData(teamName=Los Angeles Dodgers, win=100, lose=62, winRate=0.61728394), TeamData(teamName=Milwaukee Brewers, win=92, lose=70, winRate=0.56790125), TeamData(teamName=Philadelphia Phillies, win=90, lose=72, winRate=0.5555556), TeamData(teamName=Arizona Diamondbacks, win=84, lose=78, winRate=0.5185185), TeamData(teamName=Miami Marlins, win=84, lose=78, winRate=0.5185185)]
2024-09-29 19:56:55  [ main:1951 ] - [ INFO ]  成功存入TeamData(teamName=Houston Astros, win=91, lose=71, winRate=0.5617284)
2024-09-29 19:56:55  [ main:1955 ] - [ INFO ]  成功存入TeamData(teamName=Minnesota Twins, win=87, lose=75, winRate=0.537037)
2024-09-29 19:56:55  [ main:1956 ] - [ INFO ]  成功存入TeamData(teamName=Baltimore Orioles, win=101, lose=61, winRate=0.6234568)
2024-09-29 19:56:55  [ main:1956 ] - [ INFO ]  成功存入TeamData(teamName=Los Angeles Dodgers, win=100, lose=62, winRate=0.61728394)
2024-09-29 19:56:55  [ main:1956 ] - [ INFO ]  成功存入TeamData(teamName=Arizona Diamondbacks, win=84, lose=78, winRate=0.5185185)
2024-09-29 19:56:55  [ main:1957 ] - [ INFO ]  成功存入TeamData(teamName=San Diego Padres, win=82, lose=80, winRate=0.50617284)
2024-09-29 19:56:55  [ main:1957 ] - [ INFO ]  成功存入TeamData(teamName=San Francisco Giants, win=79, lose=83, winRate=0.48765433)
2024-09-29 19:56:55  [ main:1957 ] - [ INFO ]  成功存入TeamData(teamName=Colorado Rockies, win=59, lose=103, winRate=0.36419752)
2024-09-29 19:56:55  [ main:1958 ] - [ INFO ]  成功存入TeamData(teamName=Milwaukee Brewers, win=92, lose=70, winRate=0.56790125)
2024-09-29 19:56:55  [ main:1959 ] - [ INFO ]  成功存入TeamData(teamName=Chicago Cubs, win=83, lose=79, winRate=0.5123457)
2024-09-29 19:56:55  [ main:1962 ] - [ INFO ]  成功存入TeamData(teamName=Cincinnati Reds, win=82, lose=80, winRate=0.50617284)
2024-09-29 19:56:55  [ main:1965 ] - [ INFO ]  成功存入TeamData(teamName=Pittsburgh Pirates, win=76, lose=86, winRate=0.4691358)
2024-09-29 19:56:55  [ main:1966 ] - [ INFO ]  成功存入TeamData(teamName=St. Louis Cardinals, win=71, lose=91, winRate=0.4382716)
2024-09-29 19:56:55  [ main:1966 ] - [ INFO ]  成功存入TeamData(teamName=Atlanta Braves, win=104, lose=58, winRate=0.6419753)
2024-09-29 19:56:55  [ main:1966 ] - [ INFO ]  成功存入TeamData(teamName=Philadelphia Phillies, win=90, lose=72, winRate=0.5555556)
2024-09-29 19:56:55  [ main:1966 ] - [ INFO ]  成功存入TeamData(teamName=Miami Marlins, win=84, lose=78, winRate=0.5185185)
2024-09-29 19:56:55  [ main:1966 ] - [ INFO ]  成功存入TeamData(teamName=New York Mets, win=75, lose=87, winRate=0.46296296)
2024-09-29 19:56:55  [ main:1966 ] - [ INFO ]  成功存入TeamData(teamName=Washington Nationals, win=71, lose=91, winRate=0.4382716)
2024-09-29 19:56:55  [ main:1967 ] - [ INFO ]  抓取 Json 結束
2024-09-29 19:57:18  [ main:0 ] - [ INFO ]  成功存入TeamData(teamName=Houston Astros, win=91, lose=71, winRate=0.5617284)
2024-09-29 19:57:18  [ main:3 ] - [ INFO ]  成功存入TeamData(teamName=Texas Rangers, win=89, lose=73, winRate=0.5493827)
2024-09-29 19:57:18  [ main:3 ] - [ INFO ]  成功存入TeamData(teamName=Seattle Mariners, win=88, lose=74, winRate=0.54320985)
2024-09-29 19:57:18  [ main:3 ] - [ INFO ]  成功存入TeamData(teamName=Los Angeles Angels, win=73, lose=89, winRate=0.45061728)
2024-09-29 19:57:18  [ main:3 ] - [ INFO ]  成功存入TeamData(teamName=Oakland Athletics, win=50, lose=112, winRate=0.30864197)
2024-09-29 19:57:18  [ main:4 ] - [ INFO ]  成功存入TeamData(teamName=Minnesota Twins, win=87, lose=75, winRate=0.537037)
2024-09-29 19:57:18  [ main:4 ] - [ INFO ]  成功存入TeamData(teamName=Detroit Tigers, win=78, lose=84, winRate=0.4814815)
2024-09-29 19:57:18  [ main:4 ] - [ INFO ]  成功存入TeamData(teamName=Cleveland Guardians, win=76, lose=86, winRate=0.4691358)
2024-09-29 19:57:18  [ main:4 ] - [ INFO ]  成功存入TeamData(teamName=Chicago White Sox, win=61, lose=101, winRate=0.37654322)
2024-09-29 19:57:18  [ main:4 ] - [ INFO ]  成功存入TeamData(teamName=Kansas City Royals, win=56, lose=106, winRate=0.34567901)
2024-09-29 19:57:18  [ main:5 ] - [ INFO ]  成功存入TeamData(teamName=Baltimore Orioles, win=101, lose=61, winRate=0.6234568)
2024-09-29 19:57:18  [ main:5 ] - [ INFO ]  成功存入TeamData(teamName=Tampa Bay Rays, win=99, lose=63, winRate=0.6111111)
2024-09-29 19:57:18  [ main:6 ] - [ INFO ]  成功存入TeamData(teamName=Toronto Blue Jays, win=89, lose=73, winRate=0.5493827)
2024-09-29 19:57:18  [ main:6 ] - [ INFO ]  成功存入TeamData(teamName=New York Yankees, win=82, lose=80, winRate=0.50617284)
2024-09-29 19:57:18  [ main:7 ] - [ INFO ]  成功存入TeamData(teamName=Boston Red Sox, win=78, lose=84, winRate=0.4814815)
2024-09-29 19:57:18  [ main:7 ] - [ INFO ]  抓取 Json 結束
2024-09-29 19:57:18  [ main:13 ] - [ ERROR ]  Error processing file: src/main/resources/mlbTeamsJsonRecord/record_2023_forTryCatchFinally.json
2024-09-29 19:57:18  [ main:16 ] - [ ERROR ]  Error message: League not found in JSON: National League
2024-09-29 19:57:21  [ main:2301 ] - [ INFO ]  成功存入TeamData(teamName=Houston Astros, win=91, lose=71, winRate=0.5617284)
2024-09-29 19:57:21  [ main:2302 ] - [ INFO ]  成功存入TeamData(teamName=Texas Rangers, win=89, lose=73, winRate=0.5493827)
2024-09-29 19:57:21  [ main:2302 ] - [ INFO ]  成功存入TeamData(teamName=Seattle Mariners, win=88, lose=74, winRate=0.54320985)
2024-09-29 19:57:21  [ main:2302 ] - [ INFO ]  成功存入TeamData(teamName=Los Angeles Angels, win=73, lose=89, winRate=0.45061728)
2024-09-29 19:57:21  [ main:2302 ] - [ INFO ]  成功存入TeamData(teamName=Oakland Athletics, win=50, lose=112, winRate=0.30864197)
2024-09-29 19:57:21  [ main:2303 ] - [ INFO ]  成功存入TeamData(teamName=Minnesota Twins, win=87, lose=75, winRate=0.537037)
2024-09-29 19:57:21  [ main:2303 ] - [ INFO ]  成功存入TeamData(teamName=Detroit Tigers, win=78, lose=84, winRate=0.4814815)
2024-09-29 19:57:21  [ main:2303 ] - [ INFO ]  成功存入TeamData(teamName=Cleveland Guardians, win=76, lose=86, winRate=0.4691358)
2024-09-29 19:57:21  [ main:2303 ] - [ INFO ]  成功存入TeamData(teamName=Chicago White Sox, win=61, lose=101, winRate=0.37654322)
2024-09-29 19:57:21  [ main:2304 ] - [ INFO ]  成功存入TeamData(teamName=Kansas City Royals, win=56, lose=106, winRate=0.34567901)
2024-09-29 19:57:21  [ main:2305 ] - [ INFO ]  成功存入TeamData(teamName=Baltimore Orioles, win=101, lose=61, winRate=0.6234568)
2024-09-29 19:57:21  [ main:2306 ] - [ INFO ]  成功存入TeamData(teamName=Tampa Bay Rays, win=99, lose=63, winRate=0.6111111)
2024-09-29 19:57:21  [ main:2308 ] - [ INFO ]  成功存入TeamData(teamName=Toronto Blue Jays, win=89, lose=73, winRate=0.5493827)
2024-09-29 19:57:21  [ main:2308 ] - [ INFO ]  成功存入TeamData(teamName=New York Yankees, win=82, lose=80, winRate=0.50617284)
2024-09-29 19:57:21  [ main:2308 ] - [ INFO ]  成功存入TeamData(teamName=Boston Red Sox, win=78, lose=84, winRate=0.4814815)
2024-09-29 19:57:21  [ main:2308 ] - [ INFO ]  成功存入TeamData(teamName=Los Angeles Dodgers, win=100, lose=62, winRate=0.61728394)
2024-09-29 19:57:21  [ main:2309 ] - [ INFO ]  成功存入TeamData(teamName=Arizona Diamondbacks, win=84, lose=78, winRate=0.5185185)
2024-09-29 19:57:21  [ main:2310 ] - [ INFO ]  成功存入TeamData(teamName=San Diego Padres, win=82, lose=80, winRate=0.50617284)
2024-09-29 19:57:21  [ main:2310 ] - [ INFO ]  成功存入TeamData(teamName=San Francisco Giants, win=79, lose=83, winRate=0.48765433)
2024-09-29 19:57:21  [ main:2310 ] - [ INFO ]  成功存入TeamData(teamName=Colorado Rockies, win=59, lose=103, winRate=0.36419752)
2024-09-29 19:57:21  [ main:2310 ] - [ INFO ]  成功存入TeamData(teamName=Milwaukee Brewers, win=92, lose=70, winRate=0.56790125)
2024-09-29 19:57:21  [ main:2310 ] - [ INFO ]  成功存入TeamData(teamName=Chicago Cubs, win=83, lose=79, winRate=0.5123457)
2024-09-29 19:57:21  [ main:2314 ] - [ INFO ]  成功存入TeamData(teamName=Cincinnati Reds, win=82, lose=80, winRate=0.50617284)
2024-09-29 19:57:21  [ main:2316 ] - [ INFO ]  成功存入TeamData(teamName=Pittsburgh Pirates, win=76, lose=86, winRate=0.4691358)
2024-09-29 19:57:21  [ main:2317 ] - [ INFO ]  成功存入TeamData(teamName=St. Louis Cardinals, win=71, lose=91, winRate=0.4382716)
2024-09-29 19:57:21  [ main:2318 ] - [ INFO ]  成功存入TeamData(teamName=Atlanta Braves, win=104, lose=58, winRate=0.6419753)
2024-09-29 19:57:21  [ main:2318 ] - [ INFO ]  成功存入TeamData(teamName=Philadelphia Phillies, win=90, lose=72, winRate=0.5555556)
2024-09-29 19:57:21  [ main:2318 ] - [ INFO ]  成功存入TeamData(teamName=Miami Marlins, win=84, lose=78, winRate=0.5185185)
2024-09-29 19:57:21  [ main:2319 ] - [ INFO ]  成功存入TeamData(teamName=New York Mets, win=75, lose=87, winRate=0.46296296)
2024-09-29 19:57:21  [ main:2319 ] - [ INFO ]  成功存入TeamData(teamName=Washington Nationals, win=71, lose=91, winRate=0.4382716)
2024-09-29 19:57:21  [ main:2319 ] - [ INFO ]  抓取 Json 結束
2024-09-29 19:57:21  [ main:2323 ] - [ INFO ]  成功獲取排序好的資料 american
[TeamData(teamName=Baltimore Orioles, win=101, lose=61, winRate=0.6234568), TeamData(teamName=Houston Astros, win=91, lose=71, winRate=0.5617284), TeamData(teamName=Minnesota Twins, win=87, lose=75, winRate=0.537037), TeamData(teamName=Tampa Bay Rays, win=99, lose=63, winRate=0.6111111), TeamData(teamName=Texas Rangers, win=89, lose=73, winRate=0.5493827), TeamData(teamName=Toronto Blue Jays, win=89, lose=73, winRate=0.5493827)]
2024-09-29 19:57:21  [ main:2325 ] - [ INFO ]  成功獲取排序好的資料 national
[TeamData(teamName=Atlanta Braves, win=104, lose=58, winRate=0.6419753), TeamData(teamName=Los Angeles Dodgers, win=100, lose=62, winRate=0.61728394), TeamData(teamName=Milwaukee Brewers, win=92, lose=70, winRate=0.56790125), TeamData(teamName=Philadelphia Phillies, win=90, lose=72, winRate=0.5555556), TeamData(teamName=Arizona Diamondbacks, win=84, lose=78, winRate=0.5185185), TeamData(teamName=Miami Marlins, win=84, lose=78, winRate=0.5185185)]
2024-09-29 19:58:05  [ main:0 ] - [ INFO ]  成功存入TeamData(teamName=Houston Astros, win=91, lose=71, winRate=0.5617284)
2024-09-29 19:58:05  [ main:3 ] - [ INFO ]  成功存入TeamData(teamName=Minnesota Twins, win=87, lose=75, winRate=0.537037)
2024-09-29 19:58:05  [ main:3 ] - [ INFO ]  成功存入TeamData(teamName=Baltimore Orioles, win=101, lose=61, winRate=0.6234568)
2024-09-29 19:58:05  [ main:4 ] - [ INFO ]  成功存入TeamData(teamName=Los Angeles Dodgers, win=100, lose=62, winRate=0.61728394)
2024-09-29 19:58:05  [ main:4 ] - [ INFO ]  成功存入TeamData(teamName=Arizona Diamondbacks, win=84, lose=78, winRate=0.5185185)
2024-09-29 19:58:05  [ main:4 ] - [ INFO ]  成功存入TeamData(teamName=San Diego Padres, win=82, lose=80, winRate=0.50617284)
2024-09-29 19:58:05  [ main:4 ] - [ INFO ]  成功存入TeamData(teamName=San Francisco Giants, win=79, lose=83, winRate=0.48765433)
2024-09-29 19:58:05  [ main:4 ] - [ INFO ]  成功存入TeamData(teamName=Colorado Rockies, win=59, lose=103, winRate=0.36419752)
2024-09-29 19:58:05  [ main:5 ] - [ INFO ]  成功存入TeamData(teamName=Milwaukee Brewers, win=92, lose=70, winRate=0.56790125)
2024-09-29 19:58:05  [ main:5 ] - [ INFO ]  成功存入TeamData(teamName=Chicago Cubs, win=83, lose=79, winRate=0.5123457)
2024-09-29 19:58:05  [ main:5 ] - [ INFO ]  成功存入TeamData(teamName=Cincinnati Reds, win=82, lose=80, winRate=0.50617284)
2024-09-29 19:58:05  [ main:6 ] - [ INFO ]  成功存入TeamData(teamName=Pittsburgh Pirates, win=76, lose=86, winRate=0.4691358)
2024-09-29 19:58:05  [ main:7 ] - [ INFO ]  成功存入TeamData(teamName=St. Louis Cardinals, win=71, lose=91, winRate=0.4382716)
2024-09-29 19:58:05  [ main:7 ] - [ INFO ]  成功存入TeamData(teamName=Atlanta Braves, win=104, lose=58, winRate=0.6419753)
2024-09-29 19:58:05  [ main:7 ] - [ INFO ]  成功存入TeamData(teamName=Philadelphia Phillies, win=90, lose=72, winRate=0.5555556)
2024-09-29 19:58:05  [ main:8 ] - [ INFO ]  成功存入TeamData(teamName=Miami Marlins, win=84, lose=78, winRate=0.5185185)
2024-09-29 19:58:05  [ main:8 ] - [ INFO ]  成功存入TeamData(teamName=New York Mets, win=75, lose=87, winRate=0.46296296)
2024-09-29 19:58:05  [ main:8 ] - [ INFO ]  成功存入TeamData(teamName=Washington Nationals, win=71, lose=91, winRate=0.4382716)
2024-09-29 19:58:05  [ main:8 ] - [ INFO ]  抓取 Json 結束
2024-09-29 19:58:13  [ main:0 ] - [ INFO ]  成功存入TeamData(teamName=Houston Astros, win=91, lose=71, winRate=0.5617284)
2024-09-29 19:58:13  [ main:3 ] - [ INFO ]  成功存入TeamData(teamName=Texas Rangers, win=89, lose=73, winRate=0.5493827)
2024-09-29 19:58:13  [ main:3 ] - [ INFO ]  成功存入TeamData(teamName=Seattle Mariners, win=88, lose=74, winRate=0.54320985)
2024-09-29 19:58:13  [ main:3 ] - [ INFO ]  成功存入TeamData(teamName=Los Angeles Angels, win=73, lose=89, winRate=0.45061728)
2024-09-29 19:58:13  [ main:4 ] - [ INFO ]  成功存入TeamData(teamName=Oakland Athletics, win=50, lose=112, winRate=0.30864197)
2024-09-29 19:58:13  [ main:4 ] - [ INFO ]  成功存入TeamData(teamName=Minnesota Twins, win=87, lose=75, winRate=0.537037)
2024-09-29 19:58:13  [ main:4 ] - [ INFO ]  成功存入TeamData(teamName=Detroit Tigers, win=78, lose=84, winRate=0.4814815)
2024-09-29 19:58:13  [ main:4 ] - [ INFO ]  成功存入TeamData(teamName=Cleveland Guardians, win=76, lose=86, winRate=0.4691358)
2024-09-29 19:58:13  [ main:4 ] - [ INFO ]  成功存入TeamData(teamName=Chicago White Sox, win=61, lose=101, winRate=0.37654322)
2024-09-29 19:58:13  [ main:5 ] - [ INFO ]  成功存入TeamData(teamName=Kansas City Royals, win=56, lose=106, winRate=0.34567901)
2024-09-29 19:58:13  [ main:6 ] - [ INFO ]  成功存入TeamData(teamName=Baltimore Orioles, win=101, lose=61, winRate=0.6234568)
2024-09-29 19:58:13  [ main:6 ] - [ INFO ]  成功存入TeamData(teamName=Tampa Bay Rays, win=99, lose=63, winRate=0.6111111)
2024-09-29 19:58:13  [ main:7 ] - [ INFO ]  成功存入TeamData(teamName=Toronto Blue Jays, win=89, lose=73, winRate=0.5493827)
2024-09-29 19:58:13  [ main:7 ] - [ INFO ]  成功存入TeamData(teamName=New York Yankees, win=82, lose=80, winRate=0.50617284)
2024-09-29 19:58:13  [ main:8 ] - [ INFO ]  成功存入TeamData(teamName=Boston Red Sox, win=78, lose=84, winRate=0.4814815)
2024-09-29 19:58:13  [ main:8 ] - [ INFO ]  抓取 Json 結束
2024-09-29 19:58:13  [ main:11 ] - [ ERROR ]  Error processing file: src/main/resources/mlbTeamsJsonRecord/record_2023_forTryCatchFinally.json
2024-09-29 19:58:13  [ main:17 ] - [ ERROR ]  Error message: League not found in JSON: National League
